<?xml version="1.0" encoding="UTF-8"?>
<!-- Generated by org.testng.reporters.JUnitXMLReporter -->
<testsuite ignored="0" hostname="Yashs-MacBook.local" failures="0" tests="2" name="Validating Navigation of Page" time="9.522" errors="0" timestamp="2020-05-03T14:09:13 IST">
  <testcase classname="Academy.validateTitle" name="validateTitlePage" time="0.284"/>
  <testcase classname="Academy.validateNavigation" name="basePageNavigation" time="0.359"/>
</testsuite> <!-- Validating Navigation of Page -->
