<?xml version="1.0" encoding="UTF-8"?>
<testng-results ignored="0" total="1" passed="1" failed="0" skipped="0">
  <reporter-output>
  </reporter-output>
  <suite started-at="2020-05-07T14:28:19 IST" name="Suite" finished-at="2020-05-07T14:28:39 IST" duration-ms="19817">
    <groups>
      <group name="cucumber">
        <method signature="AbstractTestNGCucumberTests.feature(cucumber.api.testng.CucumberFeatureWrapper)[pri:0, instance:TestRunner.TestRunner@24269709]" name="feature" class="cucumber.api.testng.AbstractTestNGCucumberTests"/>
      </group> <!-- cucumber -->
    </groups>
    <test started-at="2020-05-07T14:28:19 IST" name="Validating Navigation of Page" finished-at="2020-05-07T14:28:39 IST" duration-ms="19817">
      <class name="TestRunner.TestRunner">
        <test-method is-config="true" signature="setUpClass()[pri:0, instance:TestRunner.TestRunner@24269709]" started-at="2020-05-07T14:28:19 IST" name="setUpClass" finished-at="2020-05-07T14:28:19 IST" duration-ms="219" status="PASS">
          <reporter-output>
          </reporter-output>
        </test-method> <!-- setUpClass -->
        <test-method signature="feature(cucumber.api.testng.CucumberFeatureWrapper)[pri:0, instance:TestRunner.TestRunner@24269709]" started-at="2020-05-07T14:28:19 IST" name="feature" description="Runs Cucumber Feature" data-provider="features" finished-at="2020-05-07T14:28:39 IST" duration-ms="19473" status="PASS">
          <params>
            <param index="0">
              <value>
                <![CDATA[Login into Application]]>
              </value>
            </param>
          </params>
          <reporter-output>
          </reporter-output>
        </test-method> <!-- feature -->
        <test-method is-config="true" signature="tearDownClass()[pri:0, instance:TestRunner.TestRunner@24269709]" started-at="2020-05-07T14:28:39 IST" name="tearDownClass" finished-at="2020-05-07T14:28:39 IST" duration-ms="12" status="PASS">
          <reporter-output>
          </reporter-output>
        </test-method> <!-- tearDownClass -->
      </class> <!-- TestRunner.TestRunner -->
    </test> <!-- Validating Navigation of Page -->
  </suite> <!-- Suite -->
</testng-results>
