<?xml version="1.0" encoding="UTF-8"?>
<testng-results ignored="0" total="2" passed="2"
	failed="0" skipped="0">
	<reporter-output>
	</reporter-output>
	<suite started-at="2020-05-03T14:09:03 IST" name="Suite"
		finished-at="2020-05-03T14:09:19 IST" duration-ms="16087">
		<groups>
		</groups>
		<test started-at="2020-05-03T14:09:03 IST"
			name="Validating Navigation of Page"
			finished-at="2020-05-03T14:09:12 IST" duration-ms="9522">
			<class name="Academy.validateNavigation">
				<test-method is-config="true"
					signature="initialize()[pri:0, instance:Academy.validateNavigation@385c9627]"
					started-at="2020-05-03T14:09:03 IST" name="initialize"
					finished-at="2020-05-03T14:09:12 IST" duration-ms="8806"
					status="PASS">
					<reporter-output>
					</reporter-output>
				</test-method> <!-- initialize -->
				<test-method
					signature="basePageNavigation()[pri:0, instance:Academy.validateNavigation@385c9627]"
					started-at="2020-05-03T14:09:12 IST" name="basePageNavigation"
					finished-at="2020-05-03T14:09:12 IST" duration-ms="359"
					status="PASS">
					<reporter-output>
					</reporter-output>
				</test-method> <!-- basePageNavigation -->
				<test-method is-config="true"
					signature="tearDown()[pri:0, instance:Academy.validateNavigation@385c9627]"
					started-at="2020-05-03T14:09:12 IST" name="tearDown"
					finished-at="2020-05-03T14:09:12 IST" duration-ms="345"
					status="PASS">
					<reporter-output>
					</reporter-output>
				</test-method> <!-- tearDown -->
			</class> <!-- Academy.validateNavigation -->
		</test> <!-- Validating Navigation of Page -->
		<test started-at="2020-05-03T14:09:03 IST"
			name="Validating user Login" finished-at="2020-05-03T14:09:19 IST"
			duration-ms="16087">
			<class name="Academy.HomePage">
				<test-method is-config="true"
					signature="initialize()[pri:0, instance:Academy.HomePage@55fe41ea]"
					started-at="2020-05-03T14:09:03 IST" name="initialize"
					finished-at="2020-05-03T14:09:12 IST" duration-ms="8873"
					status="PASS">
					<reporter-output>
					</reporter-output>
				</test-method> <!-- initialize -->
				<test-method
					signature="basePageNavigation(java.lang.String, java.lang.String)[pri:0, instance:Academy.HomePage@55fe41ea]"
					started-at="2020-05-03T14:09:12 IST" name="basePageNavigation"
					data-provider="getdata" finished-at="2020-05-03T14:09:19 IST"
					duration-ms="6948" status="PASS">
					<params>
						<param index="0">
							<value>
                <![CDATA[yash.yash.bhargava@gmail.com]]>
							</value>
						</param>
						<param index="1">
							<value>
                <![CDATA[rajeneetu]]>
							</value>
						</param>
					</params>
					<reporter-output>
					</reporter-output>
				</test-method> <!-- basePageNavigation -->
				<test-method is-config="true"
					signature="tearDown()[pri:0, instance:Academy.HomePage@55fe41ea]"
					started-at="2020-05-03T14:09:19 IST" name="tearDown"
					finished-at="2020-05-03T14:09:19 IST" duration-ms="250"
					status="PASS">
					<reporter-output>
					</reporter-output>
				</test-method> <!-- tearDown -->
			</class> <!-- Academy.HomePage -->
		</test> <!-- Validating user Login -->
	</suite> <!-- Suite -->
</testng-results>
