<?xml version="1.0" encoding="UTF-8"?>
<testng-results ignored="0" total="2" passed="2"
	failed="0" skipped="0">
	<reporter-output>
	</reporter-output>
	<suite started-at="2020-05-03T12:00:16 IST" name="Suite"
		finished-at="2020-05-03T12:00:35 IST" duration-ms="19050">
		<groups>
		</groups>
		<test started-at="2020-05-03T12:00:16 IST"
			name="Validating Title of Page" finished-at="2020-05-03T12:00:22 IST"
			duration-ms="6281">
			<class name="Academy.validateNavigation">
				<test-method is-config="true"
					signature="initialize()[pri:0, instance:Academy.validateNavigation@1356d4d4]"
					started-at="2020-05-03T12:00:16 IST" name="initialize"
					finished-at="2020-05-03T12:00:22 IST" duration-ms="5866"
					status="PASS">
					<reporter-output>
					</reporter-output>
				</test-method> <!-- initialize -->
				<test-method
					signature="basePageNavigation()[pri:0, instance:Academy.validateNavigation@1356d4d4]"
					started-at="2020-05-03T12:00:22 IST" name="basePageNavigation"
					finished-at="2020-05-03T12:00:22 IST" duration-ms="109"
					status="PASS">
					<reporter-output>
					</reporter-output>
				</test-method> <!-- basePageNavigation -->
				<test-method is-config="true"
					signature="tearDown()[pri:0, instance:Academy.validateNavigation@1356d4d4]"
					started-at="2020-05-03T12:00:22 IST" name="tearDown"
					finished-at="2020-05-03T12:00:22 IST" duration-ms="233"
					status="PASS">
					<reporter-output>
					</reporter-output>
				</test-method> <!-- tearDown -->
			</class> <!-- Academy.validateNavigation -->
		</test> <!-- Validating Title of Page -->
		<test started-at="2020-05-03T12:00:22 IST"
			name="Validating user Login" finished-at="2020-05-03T12:00:35 IST"
			duration-ms="12433">
			<class name="Academy.HomePage">
				<test-method is-config="true"
					signature="initialize()[pri:0, instance:Academy.HomePage@6a370f4]"
					started-at="2020-05-03T12:00:23 IST" name="initialize"
					finished-at="2020-05-03T12:00:26 IST" duration-ms="3356"
					status="PASS">
					<reporter-output>
					</reporter-output>
				</test-method> <!-- initialize -->
				<test-method
					signature="basePageNavigation(java.lang.String, java.lang.String)[pri:0, instance:Academy.HomePage@6a370f4]"
					started-at="2020-05-03T12:00:26 IST" name="basePageNavigation"
					data-provider="getdata" finished-at="2020-05-03T12:00:35 IST"
					duration-ms="8758" status="PASS">
					<params>
						<param index="0">
							<value>
                <![CDATA[yash.yash.bhargava@gmail.com]]>
							</value>
						</param>
						<param index="1">
							<value>
                <![CDATA[rajeneetu]]>
							</value>
						</param>
					</params>
					<reporter-output>
					</reporter-output>
				</test-method> <!-- basePageNavigation -->
				<test-method is-config="true"
					signature="tearDown()[pri:0, instance:Academy.HomePage@6a370f4]"
					started-at="2020-05-03T12:00:35 IST" name="tearDown"
					finished-at="2020-05-03T12:00:35 IST" duration-ms="306"
					status="PASS">
					<reporter-output>
					</reporter-output>
				</test-method> <!-- tearDown -->
			</class> <!-- Academy.HomePage -->
		</test> <!-- Validating user Login -->
	</suite> <!-- Suite -->
</testng-results>
